Syncing  at /home/yjl00405/autocall with a default sync interval of 500
git-sync: Preparing. Repo in .git /home/yjl00405/autocall
git-sync: Mode sync
git-sync: Using origin/master
git-sync: Committing local changes using git add -A ; git commit -m "changes from OwO on Thu Jun 6 20:44:07 CST 2024";
[master 32ac0f1] changes from OwO on Thu Jun 6 20:44:07 CST 2024
 1 file changed, 5 insertions(+), 7702 deletions(-)
 rewrite .git.log (99%)
git-sync: Auto-commit left uncommitted changes. Please add or remove them as desired and retry.
Syncing due to timeout
git-sync: Preparing. Repo in .git /home/yjl00405/autocall
git-sync: Mode sync
git-sync: Using origin/master
git-sync: Committing local changes using git add -A ; git commit -m "changes from OwO on Thu Jun 6 20:44:07 CST 2024";
[master 357e5e0] changes from OwO on Thu Jun 6 20:44:07 CST 2024
 1 file changed, 9 insertions(+)
git-sync: Auto-commit left uncommitted changes. Please add or remove them as desired and retry.
Syncing due to timeout
git-sync: Preparing. Repo in .git /home/yjl00405/autocall
git-sync: Mode sync
git-sync: Using origin/master
git-sync: Committing local changes using git add -A ; git commit -m "changes from OwO on Thu Jun 6 20:44:07 CST 2024";
